<?xml version="1.0" encoding="UTF-8"?>
<!-- Generated by org.testng.reporters.JUnitXMLReporter -->
<testsuite ignored="0" hostname="NDI-LAP-008" failures="0" tests="3" name="Test" time="282.178" errors="0" timestamp="2021-02-19T19:42:01 IST">
  <testcase classname="practice.AppiumFramework.DemoTest" name="simpleClick" time="209.731"/>
  <testcase classname="practice.AppiumFramework.DemoTest" name="swipeTest" time="39.759"/>
  <testcase classname="practice.AppiumFramework.DemoTest" name="tappingAndLongpress" time="32.652"/>
</testsuite> <!-- Test -->
